#
# There is insufficient memory for the Java Runtime Environment to continue.
# Native memory allocation (malloc) failed to allocate 328256 bytes for Chunk::new
# Possible reasons:
#   The system is out of physical RAM or swap space
#   The process is running with CompressedOops enabled, and the Java Heap may be blocking the growth of the native heap
# Possible solutions:
#   Reduce memory load on the system
#   Increase physical memory or swap space
#   Check if swap backing store is full
#   Decrease Java heap size (-Xmx/-Xms)
#   Decrease number of Java threads
#   Decrease Java thread stack sizes (-Xss)
#   Set larger code cache with -XX:ReservedCodeCacheSize=
#   JVM is running with Zero Based Compressed Oops mode in which the Java heap is
#     placed in the first 32GB address space. The Java Heap base address is the
#     maximum limit for the native heap growth. Please use -XX:HeapBaseMinAddress
#     to set the Java Heap base and to place the Java Heap above 32GB virtual address.
# This output file may be truncated or incomplete.
#
#  Out of Memory Error (allocation.cpp:389), pid=15356, tid=0x0000000000001e20
#
# JRE version: Java(TM) SE Runtime Environment (8.0_221-b11) (build 1.8.0_221-b11)
# Java VM: Java HotSpot(TM) 64-Bit Server VM (25.221-b11 mixed mode windows-amd64 compressed oops)
# Failed to write core dump. Minidumps are not enabled by default on client versions of Windows
#

---------------  T H R E A D  ---------------

Current thread (0x000000001e005000):  JavaThread "C2 CompilerThread0" daemon [_thread_in_native, id=7712, stack(0x000000001f660000,0x000000001f760000)]

Stack: [0x000000001f660000,0x000000001f760000]
[error occurred during error reporting (printing stack bounds), id 0xc0000005]

Native frames: (J=compiled Java code, j=interpreted, Vv=VM code, C=native code)


Current CompileTask:
C2:   4523 1311   !   4       sun.misc.URLClassPath$JarLoader::getResource (85 bytes)


---------------  P R O C E S S  ---------------

Java Threads: ( => current thread )
  0x00000000204a6000 JavaThread "Thread-4" daemon [_thread_blocked, id=19832, stack(0x0000000023020000,0x0000000023120000)]
  0x000000002030b000 JavaThread "TimerQueue" daemon [_thread_blocked, id=4992, stack(0x0000000022d20000,0x0000000022e20000)]
  0x00000000015ae800 JavaThread "DestroyJavaVM" [_thread_blocked, id=21984, stack(0x0000000002de0000,0x0000000002ee0000)]
  0x0000000020198000 JavaThread "AWT-EventQueue-0" [_thread_in_vm, id=4376, stack(0x0000000021aa0000,0x0000000021ba0000)]
  0x0000000020196800 JavaThread "AWT-Shutdown" [_thread_blocked, id=13964, stack(0x00000000219a0000,0x0000000021aa0000)]
  0x0000000020197000 JavaThread "Keep-Alive-Timer" daemon [_thread_blocked, id=13924, stack(0x0000000020770000,0x0000000020870000)]
  0x000000001feb2800 JavaThread "AWT-Windows" daemon [_thread_in_native, id=14192, stack(0x0000000020870000,0x0000000020970000)]
  0x000000001fefb000 JavaThread "Java2D Disposer" daemon [_thread_blocked, id=21048, stack(0x00000000205a0000,0x00000000206a0000)]
  0x000000001e09c800 JavaThread "Service Thread" daemon [_thread_blocked, id=21292, stack(0x000000001fa60000,0x000000001fb60000)]
  0x000000001e016000 JavaThread "C1 CompilerThread3" daemon [_thread_blocked, id=17112, stack(0x000000001f960000,0x000000001fa60000)]
  0x000000001e013000 JavaThread "C2 CompilerThread2" daemon [_thread_blocked, id=16092, stack(0x000000001f860000,0x000000001f960000)]
  0x000000001e006800 JavaThread "C2 CompilerThread1" daemon [_thread_blocked, id=1168, stack(0x000000001f760000,0x000000001f860000)]
=>0x000000001e005000 JavaThread "C2 CompilerThread0" daemon [_thread_in_native, id=7712, stack(0x000000001f660000,0x000000001f760000)]
  0x000000001dffd000 JavaThread "Attach Listener" daemon [_thread_blocked, id=11660, stack(0x000000001f560000,0x000000001f660000)]
  0x000000001e002800 JavaThread "Signal Dispatcher" daemon [_thread_blocked, id=4372, stack(0x000000001f460000,0x000000001f560000)]
  0x000000001dff3000 JavaThread "Finalizer" daemon [_thread_blocked, id=10512, stack(0x000000001f260000,0x000000001f360000)]
  0x0000000002fd9000 JavaThread "Reference Handler" daemon [_thread_blocked, id=21108, stack(0x000000001f160000,0x000000001f260000)]

Other Threads:
  0x000000001c916800 VMThread [stack: 0x000000001f060000,0x000000001f160000] [id=20984]
  0x000000001e0c2800 WatcherThread [stack: 0x000000001fb60000,0x000000001fc60000] [id=12888]

VM state:not at safepoint (normal execution)

VM Mutex/Monitor currently owned by a thread: None

heap address: 0x00000006c7200000, size: 3982 MB, Compressed Oops mode: Zero based, Oop shift amount: 3
Narrow klass base: 0x0000000000000000, Narrow klass shift: 3
Compressed class space size: 1073741824 Address: 0x00000007c0000000

Heap:
 PSYoungGen      total 74752K, used 48667K [0x000000076d100000, 0x0000000772400000, 0x00000007c0000000)
  eden space 64512K, 75% used [0x000000076d100000,0x0000000770086e30,0x0000000771000000)
  from space 10240K, 0% used [0x0000000771a00000,0x0000000771a00000,0x0000000772400000)
  to   space 10240K, 0% used [0x0000000771000000,0x0000000771000000,0x0000000771a00000)
 ParOldGen       total 171008K, used 0K [0x00000006c7200000, 0x00000006d1900000, 0x000000076d100000)
  object space 171008K, 0% used [0x00000006c7200000,0x00000006c7200000,0x00000006d1900000)
 Metaspace       used 16797K, capacity 17072K, committed 17408K, reserved 1064960K
  class space    used 2103K, capacity 2181K, committed 2304K, reserved 1048576K

Card table byte_map: [0x00000000123a0000,0x0000000012b70000] byte_map_base: 0x000000000ed67000

Marking Bits: (ParMarkBitMap*) 0x0000000052bb5ce0
 Begin Bits: [0x0000000013aa0000, 0x00000000178d8000)
 End Bits:   [0x00000000178d8000, 0x000000001b710000)

Polling page: 0x00000000014c0000

CodeCache: size=245760Kb used=4500Kb max_used=4500Kb free=241259Kb
 bounds [0x0000000002fe0000, 0x0000000003450000, 0x0000000011fe0000]
 total_blobs=1870 nmethods=1311 adapters=472
 compilation: enabled

Compilation events (10 events):
Event: 4.494 Thread 0x000000001e016000 1308       3       sun.misc.ASCIICaseInsensitiveComparator::compare (13 bytes)
Event: 4.494 Thread 0x000000001e016000 nmethod 1308 0x0000000003441d50 code [0x0000000003441ec0, 0x0000000003442228]
Event: 4.494 Thread 0x000000001e006800 nmethod 1306 0x0000000003441050 code [0x00000000034411a0, 0x0000000003441978]
Event: 4.496 Thread 0x000000001e016000 1309       3       java.net.URLClassLoader::isSealed (70 bytes)
Event: 4.496 Thread 0x000000001e016000 nmethod 1309 0x0000000003442bd0 code [0x0000000003442e00, 0x0000000003443a28]
Event: 4.504 Thread 0x000000001e013000 1310       4       java.lang.String::endsWith (17 bytes)
Event: 4.506 Thread 0x000000001e013000 nmethod 1310 0x0000000003445090 code [0x00000000034451e0, 0x00000000034453b8]
Event: 4.507 Thread 0x000000001e005000 1311   !   4       sun.misc.URLClassPath$JarLoader::getResource (85 bytes)
Event: 4.509 Thread 0x000000001e016000 1312       3       java.net.URLClassLoader::defineClass (142 bytes)
Event: 4.511 Thread 0x000000001e016000 nmethod 1312 0x00000000034484d0 code [0x0000000003448840, 0x000000000344ab38]

GC Heap History (0 events):
No events

Deoptimization events (10 events):
Event: 1.346 Thread 0x000000001feb2800 Uncommon trap: reason=bimorphic action=maybe_recompile pc=0x000000000330fdd0 method=java.util.HashMap.putVal(ILjava/lang/Object;Ljava/lang/Object;ZZ)Ljava/lang/Object; @ 91
Event: 2.008 Thread 0x0000000020198000 Uncommon trap: reason=class_check action=maybe_recompile pc=0x00000000031538d0 method=java.lang.String.equals(Ljava/lang/Object;)Z @ 8
Event: 2.008 Thread 0x0000000020198000 Uncommon trap: reason=class_check action=maybe_recompile pc=0x00000000031538d0 method=java.lang.String.equals(Ljava/lang/Object;)Z @ 8
Event: 2.210 Thread 0x0000000020198000 Uncommon trap: reason=class_check action=maybe_recompile pc=0x00000000031538d0 method=java.lang.String.equals(Ljava/lang/Object;)Z @ 8
Event: 2.210 Thread 0x0000000020198000 Uncommon trap: reason=class_check action=maybe_recompile pc=0x00000000031538d0 method=java.lang.String.equals(Ljava/lang/Object;)Z @ 8
Event: 4.430 Thread 0x0000000020198000 Uncommon trap: reason=unstable_if action=reinterpret pc=0x0000000003301998 method=java.util.regex.Matcher.reset()Ljava/util/regex/Matcher; @ 47
Event: 4.430 Thread 0x0000000020198000 Uncommon trap: reason=bimorphic action=maybe_recompile pc=0x00000000032ffe10 method=java.util.regex.Pattern$BmpCharProperty.match(Ljava/util/regex/Matcher;ILjava/lang/CharSequence;)Z @ 16
Event: 4.430 Thread 0x0000000020198000 Uncommon trap: reason=bimorphic action=maybe_recompile pc=0x00000000032ffe10 method=java.util.regex.Pattern$BmpCharProperty.match(Ljava/util/regex/Matcher;ILjava/lang/CharSequence;)Z @ 16
Event: 4.432 Thread 0x0000000020198000 Uncommon trap: reason=bimorphic action=maybe_recompile pc=0x00000000032ffe10 method=java.util.regex.Pattern$BmpCharProperty.match(Ljava/util/regex/Matcher;ILjava/lang/CharSequence;)Z @ 16
Event: 4.432 Thread 0x0000000020198000 Uncommon trap: reason=bimorphic action=maybe_recompile pc=0x00000000032ffe10 method=java.util.regex.Pattern$BmpCharProperty.match(Ljava/util/regex/Matcher;ILjava/lang/CharSequence;)Z @ 16

Classes redefined (0 events):
No events

Internal exceptions (10 events):
Event: 0.036 Thread 0x00000000015ae800 Exception <a 'java/lang/NoSuchMethodError': Method sun.misc.Unsafe.prefetchRead(Ljava/lang/Object;J)V name or signature does not match> (0x000000076d107fa0) thrown at [C:\re\workspace\8-2-build-windows-amd64-cygwin\jdk8u221\13320\hotspot\src\share\vm\prim
Event: 0.132 Thread 0x00000000015ae800 Exception <a 'java/security/PrivilegedActionException'> (0x000000076d1ba508) thrown at [C:\re\workspace\8-2-build-windows-amd64-cygwin\jdk8u221\13320\hotspot\src\share\vm\prims\jvm.cpp, line 1502]
Event: 0.132 Thread 0x00000000015ae800 Exception <a 'java/security/PrivilegedActionException'> (0x000000076d1ba718) thrown at [C:\re\workspace\8-2-build-windows-amd64-cygwin\jdk8u221\13320\hotspot\src\share\vm\prims\jvm.cpp, line 1502]
Event: 0.132 Thread 0x00000000015ae800 Exception <a 'java/security/PrivilegedActionException'> (0x000000076d1be388) thrown at [C:\re\workspace\8-2-build-windows-amd64-cygwin\jdk8u221\13320\hotspot\src\share\vm\prims\jvm.cpp, line 1502]
Event: 0.133 Thread 0x00000000015ae800 Exception <a 'java/security/PrivilegedActionException'> (0x000000076d1be598) thrown at [C:\re\workspace\8-2-build-windows-amd64-cygwin\jdk8u221\13320\hotspot\src\share\vm\prims\jvm.cpp, line 1502]
Event: 0.138 Thread 0x00000000015ae800 Exception <a 'java/io/FileNotFoundException'> (0x000000076d1c06a8) thrown at [C:\re\workspace\8-2-build-windows-amd64-cygwin\jdk8u221\13320\hotspot\src\share\vm\prims\jni.cpp, line 710]
Event: 0.167 Thread 0x00000000015ae800 Exception <a 'java/lang/NoSuchFieldError': method resolution failed> (0x000000076d3d3c68) thrown at [C:\re\workspace\8-2-build-windows-amd64-cygwin\jdk8u221\13320\hotspot\src\share\vm\prims\methodHandles.cpp, line 1167]
Event: 0.169 Thread 0x00000000015ae800 Exception <a 'java/lang/NoSuchFieldError': method resolution failed> (0x000000076d3e1038) thrown at [C:\re\workspace\8-2-build-windows-amd64-cygwin\jdk8u221\13320\hotspot\src\share\vm\prims\methodHandles.cpp, line 1167]
Event: 0.209 Thread 0x00000000015ae800 Exception <a 'java/io/FileNotFoundException'> (0x000000076d47a588) thrown at [C:\re\workspace\8-2-build-windows-amd64-cygwin\jdk8u221\13320\hotspot\src\share\vm\prims\jni.cpp, line 710]
Event: 4.343 Thread 0x0000000020198000 Exception <a 'java/lang/NoClassDefFoundError': org/apache/log4j/Priority> (0x000000076f991728) thrown at [C:\re\workspace\8-2-build-windows-amd64-cygwin\jdk8u221\13320\hotspot\src\share\vm\classfile\systemDictionary.cpp, line 199]

Events (10 events):
Event: 4.516 loading class org/apache/http/impl/nio/client/DefaultAsyncUserTokenHandler
Event: 4.516 loading class org/apache/http/impl/nio/client/DefaultAsyncUserTokenHandler done
Event: 4.517 loading class org/apache/http/impl/nio/client/MainClientExec
Event: 4.517 loading class org/apache/http/impl/nio/client/MainClientExec done
Event: 4.519 loading class java/util/concurrent/Executors
Event: 4.520 loading class java/util/concurrent/Executors done
Event: 4.520 loading class java/util/concurrent/Executors$DefaultThreadFactory
Event: 4.520 loading class java/util/concurrent/Executors$DefaultThreadFactory done
Event: 4.520 loading class org/apache/http/nio/protocol/HttpAsyncRequestExecutor
Event: 4.520 loading class org/apache/http/nio/protocol/HttpAsyncRequestExecutor done


Dynamic libraries:
0x00007ff709d10000 - 0x00007ff709d47000 	C:\Program Files\Java\jre1.8.0_221\bin\javaw.exe
0x00007ffcf6680000 - 0x00007ffcf6870000 	C:\WINDOWS\SYSTEM32\ntdll.dll
0x00007ffcf5da0000 - 0x00007ffcf5e52000 	C:\WINDOWS\System32\KERNEL32.DLL
0x00007ffcf3610000 - 0x00007ffcf38b4000 	C:\WINDOWS\System32\KERNELBASE.dll
0x00007ffcf6450000 - 0x00007ffcf64f3000 	C:\WINDOWS\System32\ADVAPI32.dll
0x00007ffcf4860000 - 0x00007ffcf48fe000 	C:\WINDOWS\System32\msvcrt.dll
0x00007ffcf54b0000 - 0x00007ffcf5547000 	C:\WINDOWS\System32\sechost.dll
0x00007ffcf5fb0000 - 0x00007ffcf60d0000 	C:\WINDOWS\System32\RPCRT4.dll
0x00007ffcf55c0000 - 0x00007ffcf5754000 	C:\WINDOWS\System32\USER32.dll
0x00007ffcf3c10000 - 0x00007ffcf3c31000 	C:\WINDOWS\System32\win32u.dll
0x00007ffcf6410000 - 0x00007ffcf6436000 	C:\WINDOWS\System32\GDI32.dll
0x00007ffcf3c40000 - 0x00007ffcf3dd5000 	C:\WINDOWS\System32\gdi32full.dll
0x00007ffcf3de0000 - 0x00007ffcf3e7e000 	C:\WINDOWS\System32\msvcp_win.dll
0x00007ffcf3b10000 - 0x00007ffcf3c0a000 	C:\WINDOWS\System32\ucrtbase.dll
0x00007ffcde120000 - 0x00007ffcde3a4000 	C:\WINDOWS\WinSxS\amd64_microsoft.windows.common-controls_6595b64144ccf1df_6.0.18362.900_none_e6beb9d913147d17\COMCTL32.dll
0x00007ffcf60d0000 - 0x00007ffcf6405000 	C:\WINDOWS\System32\combase.dll
0x00007ffcf3a10000 - 0x00007ffcf3a90000 	C:\WINDOWS\System32\bcryptPrimitives.dll
0x00007ffcf4830000 - 0x00007ffcf485e000 	C:\WINDOWS\System32\IMM32.DLL
0x0000000053390000 - 0x0000000053462000 	C:\Program Files\Java\jre1.8.0_221\bin\msvcr100.dll
0x0000000052390000 - 0x0000000052c35000 	C:\Program Files\Java\jre1.8.0_221\bin\server\jvm.dll
0x00007ffcf6440000 - 0x00007ffcf6448000 	C:\WINDOWS\System32\PSAPI.DLL
0x00007ffceb6f0000 - 0x00007ffceb714000 	C:\WINDOWS\SYSTEM32\WINMM.dll
0x00007ffce2640000 - 0x00007ffce264a000 	C:\WINDOWS\SYSTEM32\VERSION.dll
0x00007ffcd0560000 - 0x00007ffcd0569000 	C:\WINDOWS\SYSTEM32\WSOCK32.dll
0x00007ffcf65d0000 - 0x00007ffcf663f000 	C:\WINDOWS\System32\WS2_32.dll
0x00007ffceb6c0000 - 0x00007ffceb6ed000 	C:\WINDOWS\SYSTEM32\WINMMBASE.dll
0x00007ffcf4630000 - 0x00007ffcf467a000 	C:\WINDOWS\System32\cfgmgr32.dll
0x00007ffcecc50000 - 0x00007ffcecc5f000 	C:\Program Files\Java\jre1.8.0_221\bin\verify.dll
0x00007ffcecb20000 - 0x00007ffcecb49000 	C:\Program Files\Java\jre1.8.0_221\bin\java.dll
0x00007ffceca80000 - 0x00007ffceca96000 	C:\Program Files\Java\jre1.8.0_221\bin\zip.dll
0x00007ffcf4c60000 - 0x00007ffcf5346000 	C:\WINDOWS\System32\SHELL32.dll
0x00007ffcf5be0000 - 0x00007ffcf5c89000 	C:\WINDOWS\System32\shcore.dll
0x00007ffcf3eb0000 - 0x00007ffcf4630000 	C:\WINDOWS\System32\windows.storage.dll
0x00007ffcf3570000 - 0x00007ffcf3593000 	C:\WINDOWS\System32\profapi.dll
0x00007ffcf35a0000 - 0x00007ffcf35ea000 	C:\WINDOWS\System32\powrprof.dll
0x00007ffcf3540000 - 0x00007ffcf3550000 	C:\WINDOWS\System32\UMPDC.dll
0x00007ffcf5560000 - 0x00007ffcf55b2000 	C:\WINDOWS\System32\shlwapi.dll
0x00007ffcf35f0000 - 0x00007ffcf3601000 	C:\WINDOWS\System32\kernel.appcore.dll
0x00007ffcf3a90000 - 0x00007ffcf3aa7000 	C:\WINDOWS\System32\cryptsp.dll
0x00007ffcdc5c0000 - 0x00007ffcdc759000 	C:\Program Files\Java\jre1.8.0_221\bin\awt.dll
0x00007ffcf5ee0000 - 0x00007ffcf5fa5000 	C:\WINDOWS\System32\OLEAUT32.dll
0x00007ffcee320000 - 0x00007ffcee3af000 	C:\WINDOWS\SYSTEM32\apphelp.dll
0x00007ffcf1a70000 - 0x00007ffcf1a9d000 	C:\WINDOWS\system32\DWMAPI.DLL
0x00007ffcf13b0000 - 0x00007ffcf1449000 	C:\WINDOWS\system32\uxtheme.dll
0x00007ffcb5c50000 - 0x00007ffcb5da6000 	C:\WINDOWS\system32\opengl32.dll
0x00007ffcb6a50000 - 0x00007ffcb6a7c000 	C:\WINDOWS\SYSTEM32\GLU32.dll
0x00007ffcf1f40000 - 0x00007ffcf1f60000 	C:\WINDOWS\SYSTEM32\dxcore.dll
0x00007ffcf4900000 - 0x00007ffcf4a35000 	C:\WINDOWS\System32\MSCTF.dll
0x00007ffcf5350000 - 0x00007ffcf54a7000 	C:\WINDOWS\System32\ole32.dll
0x00007ffce8d20000 - 0x00007ffce8d44000 	C:\Program Files\Java\jre1.8.0_221\bin\sunec.dll
0x00007ffceca60000 - 0x00007ffceca7a000 	C:\Program Files\Java\jre1.8.0_221\bin\net.dll
0x00007ffce0ef0000 - 0x00007ffce10c6000 	C:\WINDOWS\SYSTEM32\urlmon.dll
0x00007ffcde860000 - 0x00007ffcdeb06000 	C:\WINDOWS\SYSTEM32\iertutil.dll
0x00007ffcf2f80000 - 0x00007ffcf2f8c000 	C:\WINDOWS\SYSTEM32\CRYPTBASE.DLL
0x00007ffcf2db0000 - 0x00007ffcf2e17000 	C:\WINDOWS\system32\mswsock.dll
0x00007ffcf2ac0000 - 0x00007ffcf2afa000 	C:\WINDOWS\SYSTEM32\IPHLPAPI.DLL
0x00007ffcf5550000 - 0x00007ffcf5558000 	C:\WINDOWS\System32\NSI.dll
0x00007ffce65f0000 - 0x00007ffce6606000 	C:\WINDOWS\SYSTEM32\dhcpcsvc6.DLL
0x00007ffce6ea0000 - 0x00007ffce6ebc000 	C:\WINDOWS\SYSTEM32\dhcpcsvc.DLL
0x00007ffcf2b00000 - 0x00007ffcf2bcb000 	C:\WINDOWS\SYSTEM32\DNSAPI.dll
0x00007ffceb490000 - 0x00007ffceb4a2000 	C:\Program Files\Java\jre1.8.0_221\bin\nio.dll
0x00007ffcf26b0000 - 0x00007ffcf26e3000 	C:\WINDOWS\system32\rsaenh.dll
0x00007ffcf3e80000 - 0x00007ffcf3ea6000 	C:\WINDOWS\System32\bcrypt.dll
0x00007ffcf3460000 - 0x00007ffcf3485000 	C:\WINDOWS\SYSTEM32\USERENV.dll
0x00007ffcece50000 - 0x00007ffcece5b000 	C:\Program Files\Java\jre1.8.0_221\bin\sunmscapi.dll
0x00007ffcf38c0000 - 0x00007ffcf3a09000 	C:\WINDOWS\System32\CRYPT32.dll
0x00007ffcf3550000 - 0x00007ffcf3562000 	C:\WINDOWS\System32\MSASN1.dll
0x00007ffcdbcb0000 - 0x00007ffcdbcba000 	C:\Windows\System32\rasadhlp.dll
0x00007ffce6510000 - 0x00007ffce6587000 	C:\WINDOWS\System32\fwpuclnt.dll
0x00007ffce8d70000 - 0x00007ffce8da1000 	C:\Program Files\Java\jre1.8.0_221\bin\jpeg.dll
0x00007ffce8cd0000 - 0x00007ffce8d19000 	C:\Program Files\Java\jre1.8.0_221\bin\fontmanager.dll
0x00007ffcf5cf0000 - 0x00007ffcf5d92000 	C:\WINDOWS\System32\clbcatq.dll
0x00007ffce9780000 - 0x00007ffce992f000 	C:\WINDOWS\SYSTEM32\WindowsCodecs.dll
0x00007ffcb6b70000 - 0x00007ffcb6baa000 	C:\WINDOWS\system32\dataexchange.dll
0x00007ffced500000 - 0x00007ffced75b000 	C:\WINDOWS\system32\d3d11.dll
0x00007ffcedbc0000 - 0x00007ffcedd9c000 	C:\WINDOWS\system32\dcomp.dll
0x00007ffcf1fd0000 - 0x00007ffcf20bb000 	C:\WINDOWS\system32\dxgi.dll
0x00007ffcf1710000 - 0x00007ffcf1971000 	C:\WINDOWS\system32\twinapi.appcore.dll
0x00007ffcf1b80000 - 0x00007ffcf1ba9000 	C:\WINDOWS\system32\RMCLIENT.dll
0x00007ffce8c80000 - 0x00007ffce8cc2000 	C:\Program Files\Java\jre1.8.0_221\bin\t2k.dll
0x00007ffcdfd90000 - 0x00007ffcdfe2e000 	C:\WINDOWS\System32\TextInputFramework.dll
0x00007ffcee110000 - 0x00007ffcee1e4000 	C:\WINDOWS\System32\CoreMessaging.dll
0x00007ffce9950000 - 0x00007ffce9c7a000 	C:\WINDOWS\System32\CoreUIComponents.dll
0x00007ffcf2330000 - 0x00007ffcf2361000 	C:\WINDOWS\SYSTEM32\ntmarta.dll
0x00007ffceb9d0000 - 0x00007ffcebb23000 	C:\WINDOWS\SYSTEM32\wintypes.dll

VM Arguments:
jvm_args: -Dfile.encoding=UTF-8 
java_command: com.vogella.maven.quickstart.GUI
java_class_path (initial): C:\Users\altobes\Documents\APIProject\target\classes;C:\Users\altobes\Documents\APIProject\unirest-java-3.7.04.jar;C:\Users\altobes\.m2\repository\com\mashape\unirest\unirest-java\1.4.9\unirest-java-1.4.9.jar;C:\Users\altobes\.m2\repository\org\apache\httpcomponents\httpclient\4.5.2\httpclient-4.5.2.jar;C:\Users\altobes\.m2\repository\org\apache\httpcomponents\httpcore\4.4.4\httpcore-4.4.4.jar;C:\Users\altobes\.m2\repository\commons-logging\commons-logging\1.2\commons-logging-1.2.jar;C:\Users\altobes\.m2\repository\commons-codec\commons-codec\1.9\commons-codec-1.9.jar;C:\Users\altobes\.m2\repository\org\apache\httpcomponents\httpasyncclient\4.1.1\httpasyncclient-4.1.1.jar;C:\Users\altobes\.m2\repository\org\apache\httpcomponents\httpcore-nio\4.4.4\httpcore-nio-4.4.4.jar;C:\Users\altobes\.m2\repository\org\apache\httpcomponents\httpmime\4.5.2\httpmime-4.5.2.jar;C:\Users\altobes\.m2\repository\org\json\json\20160212\json-20160212.jar;C:\Users\altobes\.m2\repository\com\google\code\gson\gson\2.8.5\gson-2.8.5.jar
Launcher Type: SUN_STANDARD

Environment Variables:
PATH=C:/Program Files/Java/jre1.8.0_221/bin/server;C:/Program Files/Java/jre1.8.0_221/bin;C:/Program Files/Java/jre1.8.0_221/lib/amd64;C:\Program Files\VanDyke Software\Clients\;C:\Program Files (x86)\Common Files\Oracle\Java\javapath;C:\Program Files (x86)\NVIDIA Corporation\PhysX\Common;C:\WINDOWS\system32;C:\WINDOWS;C:\WINDOWS\System32\Wbem;C:\WINDOWS\System32\WindowsPowerShell\v1.0\;C:\WINDOWS\System32\OpenSSH\;C:\Program Files\Microsoft SQL Server\Client SDK\ODBC\110\Tools\Binn\;C:\Program Files (x86)\Microsoft SQL Server\120\Tools\Binn\;C:\Program Files\Microsoft SQL Server\120\Tools\Binn\;C:\Program Files\Microsoft SQL Server\120\DTS\Binn\;C:\Program Files (x86)\Windows Kits\8.1\Windows Performance Toolkit\;c:\Program Files\MATLAB\R2019a\runtime\win64;c:\Program Files\MATLAB\R2019a\bin;C:\Program Files\Git\cmd;C:\Program Files (x86)\Microsoft SQL Server\150\DTS\Binn\;C:\Users\altobes\AppData\Local\Microsoft\WindowsApps;;C:\Users\altobes\AppData\Local\Programs\Microsoft VS Code\bin;C:\Users\altobes\Desktop;
USERNAME=altobes
OS=Windows_NT
PROCESSOR_IDENTIFIER=Intel64 Family 6 Model 158 Stepping 10, GenuineIntel



---------------  S Y S T E M  ---------------

OS: Windows 10.0 , 64 bit Build 18362 (10.0.18362.900)

CPU:total 12 (initial active 12) (6 cores per cpu, 2 threads per core) family 6 model 158 stepping 10, cmov, cx8, fxsr, mmx, sse, sse2, sse3, ssse3, sse4.1, sse4.2, popcnt, avx, avx2, aes, clmul, erms, 3dnowpref, lzcnt, ht, tsc, tscinvbit, bmi1, bmi2, adx

Memory: 4k page, physical 16302716k(666884k free), swap 49428688k(4216k free)

vm_info: Java HotSpot(TM) 64-Bit Server VM (25.221-b11) for windows-amd64 JRE (1.8.0_221-b11), built on Jul  4 2019 04:39:29 by "java_re" with MS VC++ 10.0 (VS2010)

time: Thu Jul 16 15:21:24 2020
timezone: Eastern Daylight Time
elapsed time: 4 seconds (0d 0h 0m 4s)

